#
# There is insufficient memory for the Java Runtime Environment to continue.
# Native memory allocation (malloc) failed to allocate 1048576 bytes for AllocateHeap
# Possible reasons:
#   The system is out of physical RAM or swap space
#   The process is running with CompressedOops enabled, and the Java Heap may be blocking the growth of the native heap
# Possible solutions:
#   Reduce memory load on the system
#   Increase physical memory or swap space
#   Check if swap backing store is full
#   Decrease Java heap size (-Xmx/-Xms)
#   Decrease number of Java threads
#   Decrease Java thread stack sizes (-Xss)
#   Set larger code cache with -XX:ReservedCodeCacheSize=
#   JVM is running with Zero Based Compressed Oops mode in which the Java heap is
#     placed in the first 32GB address space. The Java Heap base address is the
#     maximum limit for the native heap growth. Please use -XX:HeapBaseMinAddress
#     to set the Java Heap base and to place the Java Heap above 32GB virtual address.
# This output file may be truncated or incomplete.
#
#  Out of Memory Error (memory/allocation.inline.hpp:61), pid=15828, tid=0x000000000000073c
#
# JRE version:  (8.0_202-b49) (build )
# Java VM: OpenJDK 64-Bit Server VM (25.202-b49 mixed mode windows-amd64 compressed oops)
# Failed to write core dump. Minidumps are not enabled by default on client versions of Windows
#

---------------  T H R E A D  ---------------

Current thread (0x0000000003c72800):  JavaThread "Unknown thread" [_thread_in_vm, id=1852, stack(0x0000000003b50000,0x0000000003c50000)]

Stack: [0x0000000003b50000,0x0000000003c50000]
[error occurred during error reporting (printing stack bounds), id 0xc0000005]

Native frames: (J=compiled Java code, j=interpreted, Vv=VM code, C=native code)


---------------  P R O C E S S  ---------------

Java Threads: ( => current thread )

Other Threads:

=>0x0000000003c72800 (exited) JavaThread "Unknown thread" [_thread_in_vm, id=1852, stack(0x0000000003b50000,0x0000000003c50000)]

VM state:not at safepoint (normal execution)

VM Mutex/Monitor currently owned by a thread: None

heap address: 0x00000006c0200000, size: 4094 MB, Compressed Oops mode: Zero based, Oop shift amount: 3
Narrow klass base: 0x0000000000000000, Narrow klass shift: 3
Compressed class space size: 1073741824 Address: 0x00000007c0000000

Heap:
 PSYoungGen      total 76288K, used 1310K [0x000000076ab80000, 0x0000000770080000, 0x00000007c0000000)
  eden space 65536K, 2% used [0x000000076ab80000,0x000000076acc7af0,0x000000076eb80000)
  from space 10752K, 0% used [0x000000076f600000,0x000000076f600000,0x0000000770080000)
  to   space 10752K, 0% used [0x000000076eb80000,0x000000076eb80000,0x000000076f600000)
 ParOldGen       total 175104K, used 0K [0x00000006c0200000, 0x00000006cad00000, 0x000000076ab80000)
  object space 175104K, 0% used [0x00000006c0200000,0x00000006c0200000,0x00000006cad00000)
 Metaspace       used 777K, capacity 4480K, committed 4480K, reserved 1056768K
  class space    used 74K, capacity 384K, committed 384K, reserved 1048576K

Card table byte_map: [0x0000000013140000,0x0000000013940000] byte_map_base: 0x000000000fb3f000

Marking Bits: (ParMarkBitMap*) 0x0000000063269f30
 Begin Bits: [0x00000000146a0000, 0x0000000018698000)
 End Bits:   [0x0000000018698000, 0x000000001c690000)

Polling page: 0x0000000003af0000

CodeCache: size=245760Kb used=327Kb max_used=327Kb free=245432Kb
 bounds [0x0000000003d80000, 0x0000000003ff0000, 0x0000000012d80000]
 total_blobs=56 nmethods=0 adapters=38
 compilation: enabled

Compilation events (0 events):
No events

GC Heap History (0 events):
No events

Deoptimization events (0 events):
No events

Classes redefined (0 events):
No events

Internal exceptions (0 events):
No events

Events (10 events):
Event: 0.048 loading class java/lang/Short
Event: 0.048 loading class java/lang/Short done
Event: 0.048 loading class java/lang/Integer
Event: 0.049 loading class java/lang/Integer done
Event: 0.049 loading class java/lang/Long
Event: 0.049 loading class java/lang/Long done
Event: 0.050 loading class java/lang/NullPointerException
Event: 0.050 loading class java/lang/NullPointerException done
Event: 0.050 loading class java/lang/ArithmeticException
Event: 0.050 loading class java/lang/ArithmeticException done


Dynamic libraries:
0x00007ff6d6250000 - 0x00007ff6d6281000 	C:\Program Files\JetBrains\PhpStorm 2019\jre64\bin\java.exe
0x00007ffc61120000 - 0x00007ffc61301000 	C:\WINDOWS\SYSTEM32\ntdll.dll
0x00007ffc5f550000 - 0x00007ffc5f601000 	C:\WINDOWS\System32\KERNEL32.DLL
0x00007ffc5dba0000 - 0x00007ffc5de13000 	C:\WINDOWS\System32\KERNELBASE.dll
0x00007ffc5f7b0000 - 0x00007ffc5f851000 	C:\WINDOWS\System32\ADVAPI32.dll
0x00007ffc5f180000 - 0x00007ffc5f21e000 	C:\WINDOWS\System32\msvcrt.dll
0x00007ffc5fc50000 - 0x00007ffc5fcab000 	C:\WINDOWS\System32\sechost.dll
0x00007ffc5f990000 - 0x00007ffc5fab4000 	C:\WINDOWS\System32\RPCRT4.dll
0x00007ffc5fac0000 - 0x00007ffc5fc50000 	C:\WINDOWS\System32\USER32.dll
0x00007ffc5e590000 - 0x00007ffc5e5b0000 	C:\WINDOWS\System32\win32u.dll
0x00007ffc5f870000 - 0x00007ffc5f898000 	C:\WINDOWS\System32\GDI32.dll
0x00007ffc5d5c0000 - 0x00007ffc5d752000 	C:\WINDOWS\System32\gdi32full.dll
0x00007ffc5d910000 - 0x00007ffc5d9af000 	C:\WINDOWS\System32\msvcp_win.dll
0x00007ffc5d810000 - 0x00007ffc5d908000 	C:\WINDOWS\System32\ucrtbase.dll
0x00007ffc548f0000 - 0x00007ffc54b59000 	C:\WINDOWS\WinSxS\amd64_microsoft.windows.common-controls_6595b64144ccf1df_6.0.17134.765_none_fb42a1a930655896\COMCTL32.dll
0x00007ffc5f220000 - 0x00007ffc5f542000 	C:\WINDOWS\System32\combase.dll
0x00007ffc5d540000 - 0x00007ffc5d5ba000 	C:\WINDOWS\System32\bcryptPrimitives.dll
0x00007ffc5e670000 - 0x00007ffc5e69d000 	C:\WINDOWS\System32\IMM32.DLL
0x00007ffc5c390000 - 0x00007ffc5c562000 	C:\WINDOWS\system32\tmumh\20019\AddOn\8.50.0.2041\TmUmEvt64.dll
0x00007ffc5e710000 - 0x00007ffc5e718000 	C:\WINDOWS\System32\PSAPI.DLL
0x0000000069620000 - 0x000000006978b000 	C:\WINDOWS\system32\tmumh\20019\TmMon\2.8.0.1017\tmmon64.dll
0x0000000062860000 - 0x0000000062932000 	C:\Program Files\JetBrains\PhpStorm 2019\jre64\bin\msvcr100.dll
0x0000000062aa0000 - 0x00000000632e6000 	C:\Program Files\JetBrains\PhpStorm 2019\jre64\bin\server\jvm.dll
0x00007ffc4dc90000 - 0x00007ffc4dc99000 	C:\WINDOWS\SYSTEM32\WSOCK32.dll
0x00007ffc5e6a0000 - 0x00007ffc5e70c000 	C:\WINDOWS\System32\WS2_32.dll
0x00007ffc58430000 - 0x00007ffc58453000 	C:\WINDOWS\SYSTEM32\WINMM.dll
0x00007ffc57720000 - 0x00007ffc5772a000 	C:\WINDOWS\SYSTEM32\VERSION.dll
0x00007ffc58400000 - 0x00007ffc5842a000 	C:\WINDOWS\SYSTEM32\WINMMBASE.dll
0x00007ffc5d4f0000 - 0x00007ffc5d539000 	C:\WINDOWS\System32\cfgmgr32.dll
0x00007ffc57190000 - 0x00007ffc5719f000 	C:\Program Files\JetBrains\PhpStorm 2019\jre64\bin\verify.dll
0x00007ffc531c0000 - 0x00007ffc531e9000 	C:\Program Files\JetBrains\PhpStorm 2019\jre64\bin\java.dll
0x00007ffc50b80000 - 0x00007ffc50b96000 	C:\Program Files\JetBrains\PhpStorm 2019\jre64\bin\zip.dll

VM Arguments:
java_command: org.jetbrains.git4idea.http.GitAskPassApp Username for 'https://github.com': 
java_class_path (initial): C:/Program Files/JetBrains/PhpStorm 2019/plugins/git4idea/lib/git4idea-rt.jar;C:/Program Files/JetBrains/PhpStorm 2019/lib/xmlrpc-2.0.1.jar;C:/Program Files/JetBrains/PhpStorm 2019/lib/commons-codec-1.10.jar;C:/Program Files/JetBrains/PhpStorm 2019/lib/util.jar
Launcher Type: SUN_STANDARD

Environment Variables:
PATH=C:/Program Files/Git/mingw64/libexec/git-core;C:/Program Files/Git/mingw64/libexec/git-core;C:\Program Files\Git\mingw64\bin;C:\Program Files\Git\usr\bin;H:\bin;C:\Program Files (x86)\Common Files\Intel\Shared Libraries\redist\intel64\compiler;C:\Program Files (x86)\Common Files\Oracle\Java\javapath;C:\ProgramData\Oracle\Java\javapath;C:\WINDOWS\system32;C:\WINDOWS;C:\WINDOWS\System32\Wbem;C:\WINDOWS\System32\WindowsPowerShell\v1.0\;C:\Program Files (x86)\ATI Technologies\ATI.ACE\Core-Static;C:\Program Files\IDM Computer Solutions\UltraCompare;C:\Program Files (x86)\PuTTY\;C:\Program Files (x86)\Microsoft SQL Server\90\Tools\binn\;C:\WINDOWS\System32\OpenSSH\;C:\Program Files (x86)\NVIDIA Corporation\PhysX\Common;C:\Program Files\Microsoft SQL Server\120\Tools\Binn\;C:\Program Files (x86)\Ampps\php-5.6;C:\ProgramData\ComposerSetup\bin;C:\Program Files (x86)\Brackets\command;C:\Program Files\WIDCOMM\Bluetooth Software\;C:\Program Files\WIDCOMM\Bluetooth Software\syswow64;C:\xampp\php;C:\Program Files\Git\cmd;C:\Program Files\nodejs\;C:\Program Files\erl10.3\bin;C:\Program Files (x86)\Elixir\bin;C:\Users\bradley kjeldsen\.mix\escripts;D:\xampp\php;C:\Users\bradley kjeldsen\AppData\Local\Microsoft\WindowsApps;C:\Program Files\Microsoft VS Code\bin;C:\Users\bradley kjeldsen\AppData\Roaming\Composer\vendor\bin;C:\Users\bradley kjeldsen\AppData\Local\atom\bin;C:\Users\bradley kjeldsen\AppData\Roaming\npm
USERNAME=Bradley Kjeldsen
DISPLAY=:0.0
OS=Windows_NT
PROCESSOR_IDENTIFIER=Intel64 Family 6 Model 30 Stepping 5, GenuineIntel



---------------  S Y S T E M  ---------------

OS: Windows 10.0 , 64 bit Build 17134 (10.0.17134.753)

CPU:total 8 (initial active 8) (4 cores per cpu, 2 threads per core) family 6 model 30 stepping 5, cmov, cx8, fxsr, mmx, sse, sse2, sse3, ssse3, sse4.1, sse4.2, popcnt, ht, tsc, tscinvbit

Memory: 4k page, physical 16768236k(8263496k free), swap 17816812k(5856k free)

vm_info: OpenJDK 64-Bit Server VM (25.202-b49) for windows-amd64 JRE (1.8.0_202-release-1483-b49), built on Apr 10 2019 16:54:32 by "builduser" with MS VC++ 10.0 (VS2010)

time: Mon Jul 15 09:43:59 2019
timezone: E. Australia Standard Time
elapsed time: 0 seconds (0d 0h 0m 0s)

